<?xml version="1.0" encoding="UTF-8"?><testsuite errors="0" failures="1" name="ssvv.features.search.SearchByKeywordStoryDdt" skipped="0" tests="1" time="20.63" timestamp="2022-05-09 04:23:50"><testcase classname="ssvv.features.search.SearchByKeywordStoryDdt" name="Search wiki by keyword test DDT"><failure message="Expected enabled element was not enabled&#10;Build info: version: '3.141.59', revision: 'e82be7d358', time: '2018-11-14T08:17:03'&#10;System info: host: 'DESKTOP-PJ3UB62', ip: '192.168.1.1', os.name: 'Windows 10', os.arch: 'amd64', os.version: '10.0', java.version: '1.8.0_292'&#10;Driver info: driver.version: unknown&#10;Build info: version: '3.141.59', revision: 'e82be7d358', time: '2018-11-14T08:17:03'&#10;System info: host: 'DESKTOP-PJ3UB62', ip: '192.168.1.1', os.name: 'Windows 10', os.arch: 'amd64', os.version: '10.0', java.version: '1.8.0_292'&#10;Driver info: driver.version: unknown" type="net.thucydides.core.webdriver.exceptions.ElementShouldBeEnabledException">Expected enabled element was not enabled
Build info: version: '3.141.59', revision: 'e82be7d358', time: '2018-11-14T08:17:03'
System info: host: 'DESKTOP-PJ3UB62', ip: '192.168.1.1', os.name: 'Windows 10', os.arch: 'amd64', os.version: '10.0', java.version: '1.8.0_292'
Driver info: driver.version: unknown
Build info: version: '3.141.59', revision: 'e82be7d358', time: '2018-11-14T08:17:03'
System info: host: 'DESKTOP-PJ3UB62', ip: '192.168.1.1', os.name: 'Windows 10', os.arch: 'amd64', os.version: '10.0', java.version: '1.8.0_292'
Driver info: driver.version: unknown</failure><system-err>Expected enabled element was not enabled
Build info: version: '3.141.59', revision: 'e82be7d358', time: '2018-11-14T08:17:03'
System info: host: 'DESKTOP-PJ3UB62', ip: '192.168.1.1', os.name: 'Windows 10', os.arch: 'amd64', os.version: '10.0', java.version: '1.8.0_292'
Driver info: driver.version: unknown
Build info: version: '3.141.59', revision: 'e82be7d358', time: '2018-11-14T08:17:03'
System info: host: 'DESKTOP-PJ3UB62', ip: '192.168.1.1', os.name: 'Windows 10', os.arch: 'amd64', os.version: '10.0', java.version: '1.8.0_292'
Driver info: driver.version: unknown&#13;
ssvv.pages.DictionaryPage.enter_keywords(DictionaryPage.java:28)&#13;
ssvv.steps.serenity.EndUserSteps.enters(EndUserSteps.java:22)&#13;
ssvv.steps.serenity.EndUserSteps.looks_for(EndUserSteps.java:50)&#13;
ssvv.features.search.SearchByKeywordStoryDdt.searchWikiByKeywordTestDDT(SearchByKeywordStoryDdt.java:49)&#13;
</system-err></testcase></testsuite>